[github.com/flipped-aurora/gin-vue-admin/server]2022/02/01 - 23:36:38.457	[35mdebug[0m	/Users/minmin/Documents/minservice/server/utils/directory.go:44	create directoryautocode_template/server/erpFinanceAsinSummary/api
[github.com/flipped-aurora/gin-vue-admin/server]2022/02/01 - 23:36:38.459	[35mdebug[0m	/Users/minmin/Documents/minservice/server/utils/directory.go:44	create directoryautocode_template/server/erpFinanceAsinSummary/model
[github.com/flipped-aurora/gin-vue-admin/server]2022/02/01 - 23:36:38.459	[35mdebug[0m	/Users/minmin/Documents/minservice/server/utils/directory.go:44	create directoryautocode_template/server/erpFinanceAsinSummary/request
[github.com/flipped-aurora/gin-vue-admin/server]2022/02/01 - 23:36:38.459	[35mdebug[0m	/Users/minmin/Documents/minservice/server/utils/directory.go:44	create directoryautocode_template/server/erpFinanceAsinSummary/router
[github.com/flipped-aurora/gin-vue-admin/server]2022/02/01 - 23:36:38.463	[35mdebug[0m	/Users/minmin/Documents/minservice/server/utils/directory.go:44	create directoryautocode_template/server/erpFinanceAsinSummary/service
[github.com/flipped-aurora/gin-vue-admin/server]2022/02/01 - 23:36:38.464	[35mdebug[0m	/Users/minmin/Documents/minservice/server/utils/directory.go:44	create directoryautocode_template/web/erpFinanceAsinSummary/api
[github.com/flipped-aurora/gin-vue-admin/server]2022/02/01 - 23:36:38.464	[35mdebug[0m	/Users/minmin/Documents/minservice/server/utils/directory.go:44	create directoryautocode_template/web/erpFinanceAsinSummary/form
[github.com/flipped-aurora/gin-vue-admin/server]2022/02/01 - 23:36:38.464	[35mdebug[0m	/Users/minmin/Documents/minservice/server/utils/directory.go:44	create directoryautocode_template/web/erpFinanceAsinSummary/table
[github.com/flipped-aurora/gin-vue-admin/server]2022/02/02 - 12:01:28.225	[35mdebug[0m	/Users/minmin/Documents/minservice/server/utils/directory.go:44	create directoryautocode_template/server/erpFinanceAsinSummary/api
[github.com/flipped-aurora/gin-vue-admin/server]2022/02/02 - 12:01:28.226	[35mdebug[0m	/Users/minmin/Documents/minservice/server/utils/directory.go:44	create directoryautocode_template/server/erpFinanceAsinSummary/model
[github.com/flipped-aurora/gin-vue-admin/server]2022/02/02 - 12:01:28.226	[35mdebug[0m	/Users/minmin/Documents/minservice/server/utils/directory.go:44	create directoryautocode_template/server/erpFinanceAsinSummary/request
[github.com/flipped-aurora/gin-vue-admin/server]2022/02/02 - 12:01:28.226	[35mdebug[0m	/Users/minmin/Documents/minservice/server/utils/directory.go:44	create directoryautocode_template/server/erpFinanceAsinSummary/router
[github.com/flipped-aurora/gin-vue-admin/server]2022/02/02 - 12:01:28.227	[35mdebug[0m	/Users/minmin/Documents/minservice/server/utils/directory.go:44	create directoryautocode_template/server/erpFinanceAsinSummary/service
[github.com/flipped-aurora/gin-vue-admin/server]2022/02/02 - 12:01:28.227	[35mdebug[0m	/Users/minmin/Documents/minservice/server/utils/directory.go:44	create directoryautocode_template/web/erpFinanceAsinSummary/api
[github.com/flipped-aurora/gin-vue-admin/server]2022/02/02 - 12:01:28.227	[35mdebug[0m	/Users/minmin/Documents/minservice/server/utils/directory.go:44	create directoryautocode_template/web/erpFinanceAsinSummary/form
[github.com/flipped-aurora/gin-vue-admin/server]2022/02/02 - 12:01:28.227	[35mdebug[0m	/Users/minmin/Documents/minservice/server/utils/directory.go:44	create directoryautocode_template/web/erpFinanceAsinSummary/table
[github.com/flipped-aurora/gin-vue-admin/server]2022/02/02 - 15:11:16.039	[35mdebug[0m	/Users/minmin/Documents/minservice/server/utils/directory.go:44	create directoryautocode_template/server/erpFinanceAsinSummary/api
[github.com/flipped-aurora/gin-vue-admin/server]2022/02/02 - 15:11:16.044	[35mdebug[0m	/Users/minmin/Documents/minservice/server/utils/directory.go:44	create directoryautocode_template/server/erpFinanceAsinSummary/model
[github.com/flipped-aurora/gin-vue-admin/server]2022/02/02 - 15:11:16.044	[35mdebug[0m	/Users/minmin/Documents/minservice/server/utils/directory.go:44	create directoryautocode_template/server/erpFinanceAsinSummary/request
[github.com/flipped-aurora/gin-vue-admin/server]2022/02/02 - 15:11:16.044	[35mdebug[0m	/Users/minmin/Documents/minservice/server/utils/directory.go:44	create directoryautocode_template/server/erpFinanceAsinSummary/router
[github.com/flipped-aurora/gin-vue-admin/server]2022/02/02 - 15:11:16.044	[35mdebug[0m	/Users/minmin/Documents/minservice/server/utils/directory.go:44	create directoryautocode_template/server/erpFinanceAsinSummary/service
[github.com/flipped-aurora/gin-vue-admin/server]2022/02/02 - 15:11:16.044	[35mdebug[0m	/Users/minmin/Documents/minservice/server/utils/directory.go:44	create directoryautocode_template/web/erpFinanceAsinSummary/api
[github.com/flipped-aurora/gin-vue-admin/server]2022/02/02 - 15:11:16.045	[35mdebug[0m	/Users/minmin/Documents/minservice/server/utils/directory.go:44	create directoryautocode_template/web/erpFinanceAsinSummary/form
[github.com/flipped-aurora/gin-vue-admin/server]2022/02/02 - 15:11:16.045	[35mdebug[0m	/Users/minmin/Documents/minservice/server/utils/directory.go:44	create directoryautocode_template/web/erpFinanceAsinSummary/table
[github.com/flipped-aurora/gin-vue-admin/server]2022/02/02 - 15:13:00.459	[35mdebug[0m	/Users/minmin/Documents/minservice/server/utils/directory.go:44	create directoryautocode_template/server/erpFinanceAsinSummary/api
[github.com/flipped-aurora/gin-vue-admin/server]2022/02/02 - 15:13:00.460	[35mdebug[0m	/Users/minmin/Documents/minservice/server/utils/directory.go:44	create directoryautocode_template/server/erpFinanceAsinSummary/model
[github.com/flipped-aurora/gin-vue-admin/server]2022/02/02 - 15:13:00.460	[35mdebug[0m	/Users/minmin/Documents/minservice/server/utils/directory.go:44	create directoryautocode_template/server/erpFinanceAsinSummary/request
[github.com/flipped-aurora/gin-vue-admin/server]2022/02/02 - 15:13:00.461	[35mdebug[0m	/Users/minmin/Documents/minservice/server/utils/directory.go:44	create directoryautocode_template/server/erpFinanceAsinSummary/router
[github.com/flipped-aurora/gin-vue-admin/server]2022/02/02 - 15:13:00.461	[35mdebug[0m	/Users/minmin/Documents/minservice/server/utils/directory.go:44	create directoryautocode_template/server/erpFinanceAsinSummary/service
[github.com/flipped-aurora/gin-vue-admin/server]2022/02/02 - 15:13:00.461	[35mdebug[0m	/Users/minmin/Documents/minservice/server/utils/directory.go:44	create directoryautocode_template/web/erpFinanceAsinSummary/api
[github.com/flipped-aurora/gin-vue-admin/server]2022/02/02 - 15:13:00.461	[35mdebug[0m	/Users/minmin/Documents/minservice/server/utils/directory.go:44	create directoryautocode_template/web/erpFinanceAsinSummary/form
[github.com/flipped-aurora/gin-vue-admin/server]2022/02/02 - 15:13:00.461	[35mdebug[0m	/Users/minmin/Documents/minservice/server/utils/directory.go:44	create directoryautocode_template/web/erpFinanceAsinSummary/table
